{"level":"info","message":"Identity service running on port: 3001","service":"identity-service","timestamp":"2025-06-01T05:25:07.805Z"}
{"level":"info","message":"Connect to mongodb","service":"identity-service","timestamp":"2025-06-01T05:25:10.036Z"}
{"level":"info","message":"Identity service running on port: 3001","service":"identity-service","timestamp":"2025-06-01T05:25:15.242Z"}
{"level":"info","message":"Connect to mongodb","service":"identity-service","timestamp":"2025-06-01T05:25:17.305Z"}
{"level":"info","message":"Identity service running on port: 3001","service":"identity-service","timestamp":"2025-06-01T05:25:35.674Z"}
{"level":"info","message":"Connect to mongodb","service":"identity-service","timestamp":"2025-06-01T05:25:37.650Z"}
{"level":"info","message":"Received POST request to /api/auth/register","service":"identity-service","timestamp":"2025-06-01T05:56:02.740Z"}
{"level":"info","message":"Request body, [object Object]","service":"identity-service","timestamp":"2025-06-01T05:56:02.742Z"}
{"level":"info","message":"Resgistration end point hit...","service":"identity-service","timestamp":"2025-06-01T05:56:02.912Z"}
{"level":"error","message":"Registration error occured Joi.string.min is not a function","service":"identity-service","stack":"TypeError: Joi.string.min is not a function\n    at validateRegistration (D:\\SOCIAL-MEDIA-MICROSERVICES\\identity-service\\src\\utils\\validation.js:7:30)\n    at registerUser (D:\\SOCIAL-MEDIA-MICROSERVICES\\identity-service\\src\\controllers\\identity-controller.js:9:27)\n    at Layer.handleRequest (D:\\SOCIAL-MEDIA-MICROSERVICES\\identity-service\\node_modules\\router\\lib\\layer.js:152:17)\n    at next (D:\\SOCIAL-MEDIA-MICROSERVICES\\identity-service\\node_modules\\router\\lib\\route.js:157:13)\n    at Route.dispatch (D:\\SOCIAL-MEDIA-MICROSERVICES\\identity-service\\node_modules\\router\\lib\\route.js:117:3)\n    at handle (D:\\SOCIAL-MEDIA-MICROSERVICES\\identity-service\\node_modules\\router\\index.js:435:11)\n    at Layer.handleRequest (D:\\SOCIAL-MEDIA-MICROSERVICES\\identity-service\\node_modules\\router\\lib\\layer.js:152:17)\n    at D:\\SOCIAL-MEDIA-MICROSERVICES\\identity-service\\node_modules\\router\\index.js:295:15\n    at processParams (D:\\SOCIAL-MEDIA-MICROSERVICES\\identity-service\\node_modules\\router\\index.js:582:12)\n    at next (D:\\SOCIAL-MEDIA-MICROSERVICES\\identity-service\\node_modules\\router\\index.js:291:5)","timestamp":"2025-06-01T05:56:02.924Z"}
{"level":"info","message":"Received POST request to /api/auth/register","service":"identity-service","timestamp":"2025-06-01T05:56:19.431Z"}
{"level":"info","message":"Request body, [object Object]","service":"identity-service","timestamp":"2025-06-01T05:56:19.434Z"}
{"level":"info","message":"Resgistration end point hit...","service":"identity-service","timestamp":"2025-06-01T05:56:19.440Z"}
{"level":"error","message":"Registration error occured Joi.string.min is not a function","service":"identity-service","stack":"TypeError: Joi.string.min is not a function\n    at validateRegistration (D:\\SOCIAL-MEDIA-MICROSERVICES\\identity-service\\src\\utils\\validation.js:7:30)\n    at registerUser (D:\\SOCIAL-MEDIA-MICROSERVICES\\identity-service\\src\\controllers\\identity-controller.js:9:27)\n    at Layer.handleRequest (D:\\SOCIAL-MEDIA-MICROSERVICES\\identity-service\\node_modules\\router\\lib\\layer.js:152:17)\n    at next (D:\\SOCIAL-MEDIA-MICROSERVICES\\identity-service\\node_modules\\router\\lib\\route.js:157:13)\n    at Route.dispatch (D:\\SOCIAL-MEDIA-MICROSERVICES\\identity-service\\node_modules\\router\\lib\\route.js:117:3)\n    at handle (D:\\SOCIAL-MEDIA-MICROSERVICES\\identity-service\\node_modules\\router\\index.js:435:11)\n    at Layer.handleRequest (D:\\SOCIAL-MEDIA-MICROSERVICES\\identity-service\\node_modules\\router\\lib\\layer.js:152:17)\n    at D:\\SOCIAL-MEDIA-MICROSERVICES\\identity-service\\node_modules\\router\\index.js:295:15\n    at processParams (D:\\SOCIAL-MEDIA-MICROSERVICES\\identity-service\\node_modules\\router\\index.js:582:12)\n    at next (D:\\SOCIAL-MEDIA-MICROSERVICES\\identity-service\\node_modules\\router\\index.js:291:5)","timestamp":"2025-06-01T05:56:19.443Z"}
{"level":"info","message":"Received POST request to /api/auth/register","service":"identity-service","timestamp":"2025-06-01T05:56:25.323Z"}
{"level":"info","message":"Request body, [object Object]","service":"identity-service","timestamp":"2025-06-01T05:56:25.323Z"}
{"level":"info","message":"Resgistration end point hit...","service":"identity-service","timestamp":"2025-06-01T05:56:25.329Z"}
{"level":"error","message":"Registration error occured Joi.string.min is not a function","service":"identity-service","stack":"TypeError: Joi.string.min is not a function\n    at validateRegistration (D:\\SOCIAL-MEDIA-MICROSERVICES\\identity-service\\src\\utils\\validation.js:7:30)\n    at registerUser (D:\\SOCIAL-MEDIA-MICROSERVICES\\identity-service\\src\\controllers\\identity-controller.js:9:27)\n    at Layer.handleRequest (D:\\SOCIAL-MEDIA-MICROSERVICES\\identity-service\\node_modules\\router\\lib\\layer.js:152:17)\n    at next (D:\\SOCIAL-MEDIA-MICROSERVICES\\identity-service\\node_modules\\router\\lib\\route.js:157:13)\n    at Route.dispatch (D:\\SOCIAL-MEDIA-MICROSERVICES\\identity-service\\node_modules\\router\\lib\\route.js:117:3)\n    at handle (D:\\SOCIAL-MEDIA-MICROSERVICES\\identity-service\\node_modules\\router\\index.js:435:11)\n    at Layer.handleRequest (D:\\SOCIAL-MEDIA-MICROSERVICES\\identity-service\\node_modules\\router\\lib\\layer.js:152:17)\n    at D:\\SOCIAL-MEDIA-MICROSERVICES\\identity-service\\node_modules\\router\\index.js:295:15\n    at processParams (D:\\SOCIAL-MEDIA-MICROSERVICES\\identity-service\\node_modules\\router\\index.js:582:12)\n    at next (D:\\SOCIAL-MEDIA-MICROSERVICES\\identity-service\\node_modules\\router\\index.js:291:5)","timestamp":"2025-06-01T05:56:25.332Z"}
{"level":"info","message":"Identity service running on port: 3001","service":"identity-service","timestamp":"2025-06-01T05:59:11.501Z"}
{"level":"info","message":"Connect to mongodb","service":"identity-service","timestamp":"2025-06-01T05:59:13.640Z"}
{"level":"info","message":"Received POST request to /api/auth/register","service":"identity-service","timestamp":"2025-06-01T05:59:37.531Z"}
{"level":"info","message":"Request body, [object Object]","service":"identity-service","timestamp":"2025-06-01T05:59:37.533Z"}
{"level":"info","message":"Resgistration end point hit...","service":"identity-service","timestamp":"2025-06-01T05:59:37.545Z"}
{"level":"error","message":"Registration error occured Joi.string.min is not a function","service":"identity-service","stack":"TypeError: Joi.string.min is not a function\n    at validateRegistration (D:\\SOCIAL-MEDIA-MICROSERVICES\\identity-service\\src\\utils\\validation.js:7:30)\n    at registerUser (D:\\SOCIAL-MEDIA-MICROSERVICES\\identity-service\\src\\controllers\\identity-controller.js:9:27)\n    at Layer.handleRequest (D:\\SOCIAL-MEDIA-MICROSERVICES\\identity-service\\node_modules\\router\\lib\\layer.js:152:17)\n    at next (D:\\SOCIAL-MEDIA-MICROSERVICES\\identity-service\\node_modules\\router\\lib\\route.js:157:13)\n    at Route.dispatch (D:\\SOCIAL-MEDIA-MICROSERVICES\\identity-service\\node_modules\\router\\lib\\route.js:117:3)\n    at handle (D:\\SOCIAL-MEDIA-MICROSERVICES\\identity-service\\node_modules\\router\\index.js:435:11)\n    at Layer.handleRequest (D:\\SOCIAL-MEDIA-MICROSERVICES\\identity-service\\node_modules\\router\\lib\\layer.js:152:17)\n    at D:\\SOCIAL-MEDIA-MICROSERVICES\\identity-service\\node_modules\\router\\index.js:295:15\n    at processParams (D:\\SOCIAL-MEDIA-MICROSERVICES\\identity-service\\node_modules\\router\\index.js:582:12)\n    at next (D:\\SOCIAL-MEDIA-MICROSERVICES\\identity-service\\node_modules\\router\\index.js:291:5)","timestamp":"2025-06-01T05:59:37.556Z"}
{"level":"info","message":"Identity service running on port: 3001","service":"identity-service","timestamp":"2025-06-01T06:00:33.443Z"}
{"level":"info","message":"Connect to mongodb","service":"identity-service","timestamp":"2025-06-01T06:00:35.581Z"}
{"level":"info","message":"Received POST request to /api/auth/register","service":"identity-service","timestamp":"2025-06-01T06:00:43.240Z"}
{"level":"info","message":"Request body, [object Object]","service":"identity-service","timestamp":"2025-06-01T06:00:43.242Z"}
{"level":"info","message":"Resgistration end point hit...","service":"identity-service","timestamp":"2025-06-01T06:00:43.256Z"}
{"buffer":{"data":[104,59,236,139,204,248,25,1,127,4,128,41],"type":"Buffer"},"level":"warn","message":"User saved successfully","service":"identity-service","timestamp":"2025-06-01T06:00:43.999Z"}
{"level":"error","message":"Registration error occured ccessToken is not defined","service":"identity-service","stack":"ReferenceError: ccessToken is not defined\n    at registerUser (D:\\SOCIAL-MEDIA-MICROSERVICES\\identity-service\\src\\controllers\\identity-controller.js:34:26)\n    at process.processTicksAndRejections (node:internal/process/task_queues:105:5)","timestamp":"2025-06-01T06:00:44.037Z"}
{"0":"r","1":"e","2":"a","3":"s","4":"o","5":"n","level":"error","message":"Unhandled Rejection at","service":"identity-service","timestamp":"2025-06-01T06:00:44.185Z"}
{"level":"info","message":"Identity service running on port: 3001","service":"identity-service","timestamp":"2025-06-01T06:01:29.448Z"}
{"level":"info","message":"Connect to mongodb","service":"identity-service","timestamp":"2025-06-01T06:01:31.531Z"}
{"level":"info","message":"Received POST request to /api/auth/register","service":"identity-service","timestamp":"2025-06-01T06:01:34.406Z"}
{"level":"info","message":"Request body, [object Object]","service":"identity-service","timestamp":"2025-06-01T06:01:34.408Z"}
{"level":"info","message":"Resgistration end point hit...","service":"identity-service","timestamp":"2025-06-01T06:01:34.418Z"}
{"level":"warn","message":"User already exists","service":"identity-service","timestamp":"2025-06-01T06:01:34.658Z"}
{"level":"info","message":"Received POST request to /api/auth/register","service":"identity-service","timestamp":"2025-06-01T06:02:59.685Z"}
{"level":"info","message":"Request body, [object Object]","service":"identity-service","timestamp":"2025-06-01T06:02:59.687Z"}
{"level":"info","message":"Resgistration end point hit...","service":"identity-service","timestamp":"2025-06-01T06:02:59.692Z"}
{"buffer":{"data":[104,59,237,19,240,63,248,75,186,54,89,238],"type":"Buffer"},"level":"warn","message":"User saved successfully","service":"identity-service","timestamp":"2025-06-01T06:03:00.366Z"}
{"0":"r","1":"e","2":"a","3":"s","4":"o","5":"n","level":"error","message":"Unhandled Rejection at","service":"identity-service","timestamp":"2025-06-01T06:03:00.379Z"}
{"level":"info","message":"Received POST request to /api/auth/register","service":"identity-service","timestamp":"2025-06-01T06:03:07.910Z"}
{"level":"info","message":"Request body, [object Object]","service":"identity-service","timestamp":"2025-06-01T06:03:07.911Z"}
{"level":"info","message":"Resgistration end point hit...","service":"identity-service","timestamp":"2025-06-01T06:03:07.918Z"}
{"level":"warn","message":"User already exists","service":"identity-service","timestamp":"2025-06-01T06:03:08.123Z"}
{"level":"info","message":"Received POST request to /api/auth/register","service":"identity-service","timestamp":"2025-06-01T06:03:51.527Z"}
{"level":"info","message":"Request body, [object Object]","service":"identity-service","timestamp":"2025-06-01T06:03:51.528Z"}
{"level":"info","message":"Resgistration end point hit...","service":"identity-service","timestamp":"2025-06-01T06:03:51.532Z"}
{"0":"\"","1":"e","10":"s","11":"t","12":" ","13":"b","14":"e","15":" ","16":"a","17":" ","18":"v","19":"a","2":"m","20":"l","21":"i","22":"d","23":" ","24":"e","25":"m","26":"a","27":"i","28":"l","3":"a","4":"i","5":"l","6":"\"","7":" ","8":"m","9":"u","level":"warn","message":"Validation error","service":"identity-service","timestamp":"2025-06-01T06:03:51.540Z"}
{"level":"info","message":"Received POST request to /api/auth/register","service":"identity-service","timestamp":"2025-06-01T06:06:22.747Z"}
{"level":"info","message":"Request body, [object Object]","service":"identity-service","timestamp":"2025-06-01T06:06:22.751Z"}
{"level":"info","message":"Resgistration end point hit...","service":"identity-service","timestamp":"2025-06-01T06:06:22.757Z"}
{"0":"\"","1":"e","10":"s","11":"t","12":" ","13":"b","14":"e","15":" ","16":"a","17":" ","18":"v","19":"a","2":"m","20":"l","21":"i","22":"d","23":" ","24":"e","25":"m","26":"a","27":"i","28":"l","3":"a","4":"i","5":"l","6":"\"","7":" ","8":"m","9":"u","level":"warn","message":"Validation error","service":"identity-service","timestamp":"2025-06-01T06:06:22.760Z"}
{"level":"info","message":"Identity service running on port: 3001","service":"identity-service","timestamp":"2025-06-01T06:10:33.795Z"}
{"level":"info","message":"Connect to mongodb","service":"identity-service","timestamp":"2025-06-01T06:10:35.945Z"}
{"level":"info","message":"Received POST request to /api/auth/register","service":"identity-service","timestamp":"2025-06-01T06:10:40.545Z"}
{"level":"info","message":"Request body, [object Object]","service":"identity-service","timestamp":"2025-06-01T06:10:40.547Z"}
{"level":"info","message":"Resgistration end point hit...","service":"identity-service","timestamp":"2025-06-01T06:10:40.557Z"}
{"0":"\"","1":"e","10":"s","11":"t","12":" ","13":"b","14":"e","15":" ","16":"a","17":" ","18":"v","19":"a","2":"m","20":"l","21":"i","22":"d","23":" ","24":"e","25":"m","26":"a","27":"i","28":"l","3":"a","4":"i","5":"l","6":"\"","7":" ","8":"m","9":"u","level":"warn","message":"Validation error","service":"identity-service","timestamp":"2025-06-01T06:10:40.578Z"}
